<?xml version="1.0" encoding="UTF-8"?>
<!-- Generated by org.testng.reporters.JUnitReportReporter -->
<testsuite hostname="DESKTOP-H8LBSOE" failures="0" tests="9" name="sample.Product.SearchProductTest" time="9.542" errors="0" timestamp="2024-11-05T11:10:56 IST" skipped="0">
  <testcase classname="sample.Product.SearchProductTest" name="testSearchProductSuccess" time="1.449"/>
  <system-out/>
  <testcase classname="sample.Product.SearchProductTest" name="testInvalidProductName" time="0.730"/>
  <system-out/>
  <testcase classname="sample.Product.SearchProductTest" name="testContentType" time="0.706"/>
  <system-out/>
  <testcase classname="sample.Product.SearchProductTest" name="testSpecialCharactersInProductName" time="1.129"/>
  <system-out/>
  <testcase classname="sample.Product.SearchProductTest" name="testSpecificProductDetails" time="1.376"/>
  <system-out/>
  <testcase classname="sample.Product.SearchProductTest" name="testProductStructure" time="0.902"/>
  <system-out/>
  <testcase classname="sample.Product.SearchProductTest" name="testResponseTime" time="0.820"/>
  <system-out/>
  <testcase classname="sample.Product.SearchProductTest" name="testMissingRequiredParameter" time="1.229"/>
  <system-out/>
  <testcase classname="sample.Product.SearchProductTest" name="testUnsupportedMethod" time="1.201"/>
  <system-out/>
</testsuite> <!-- sample.Product.SearchProductTest -->
