<?xml version="1.0" encoding="UTF-8"?>
<!-- Generated by org.testng.reporters.JUnitReportReporter -->
<testsuite hostname="DESKTOP-H8LBSOE" failures="0" tests="9" name="sample.Product.ProductsListTest" time="10.071" errors="0" timestamp="2024-11-05T11:10:56 IST" skipped="1">
  <testcase classname="sample.Product.ProductsListTest" name="testProductStructure" time="0.812"/>
  <system-out/>
  <testcase classname="sample.Product.ProductsListTest" name="testGetAllProductsListSuccess" time="1.171"/>
  <system-out/>
  <testcase classname="sample.Product.ProductsListTest" name="testUnsupportedMethod" time="0.634"/>
  <system-out/>
  <testcase classname="sample.Product.ProductsListTest" name="testFilterByCategory" time="1.266"/>
  <system-out/>
  <testcase classname="sample.Product.ProductsListTest" name="testContentType" time="1.275"/>
  <system-out/>
  <testcase classname="sample.Product.ProductsListTest" name="testResponseTime" time="2.373"/>
  <system-out/>
  <testcase classname="sample.Product.ProductsListTest" name="testSpecificProductDetails" time="1.293"/>
  <system-out/>
  <testcase classname="sample.Product.ProductsListTest" name="testResponseContainsProducts" time="1.247"/>
  <system-out/>
  <testcase classname="sample.Product.ProductsListTest" name="testInvalidEndpoint">
    <skipped/>
  </testcase> <!-- testInvalidEndpoint -->
  <system-out/>
</testsuite> <!-- sample.Product.ProductsListTest -->
