<?xml version="1.0" encoding="UTF-8"?>
<!-- Generated by org.testng.reporters.JUnitReportReporter -->
<testsuite hostname="DESKTOP-H8LBSOE" failures="0" tests="3" name="sample.Product.BrandsList" time="4.047" errors="0" timestamp="2024-11-05T11:10:56 IST" skipped="0">
  <testcase classname="sample.Product.BrandsList" name="testUnsupportedMethod" time="1.271"/>
  <system-out/>
  <testcase classname="sample.Product.BrandsList" name="testInvalidEndpoint" time="1.215"/>
  <system-out/>
  <testcase classname="sample.Product.BrandsList" name="testGetAllBrandsListSuccess" time="1.561"/>
  <system-out/>
</testsuite> <!-- sample.Product.BrandsList -->
