<?xml version="1.0" encoding="UTF-8"?>
<!-- Generated by org.testng.reporters.JUnitReportReporter -->
<testsuite hostname="DESKTOP-H8LBSOE" failures="0" tests="5" name="sample.User.VerifyLoginTest" time="9.983" errors="0" timestamp="2024-11-05T11:10:56 IST" skipped="0">
  <testcase classname="sample.User.VerifyLoginTest" name="testNonexistentUser" time="1.364"/>
  <system-out/>
  <testcase classname="sample.User.VerifyLoginTest" name="testIncorrectPassword" time="1.305"/>
  <system-out/>
  <testcase classname="sample.User.VerifyLoginTest" name="testVerifyLoginSuccess" time="1.304"/>
  <system-out/>
  <testcase classname="sample.User.VerifyLoginTest" name="testEmptyRequest" time="4.738"/>
  <system-out/>
  <testcase classname="sample.User.VerifyLoginTest" name="testMissingEmail" time="1.272"/>
  <system-out/>
</testsuite> <!-- sample.User.VerifyLoginTest -->
