<?xml version="1.0" encoding="UTF-8"?>
<!-- Generated by org.testng.reporters.JUnitReportReporter -->
<testsuite hostname="DESKTOP-H8LBSOE" failures="0" tests="3" name="sample.User.GetUserDetailByEmailTest" time="3.508" errors="0" timestamp="2024-11-05T11:10:56 IST" skipped="0">
  <testcase classname="sample.User.GetUserDetailByEmailTest" name="testInvalidEmailFormat" time="1.181"/>
  <system-out/>
  <testcase classname="sample.User.GetUserDetailByEmailTest" name="testMissingEmailParameter" time="1.214"/>
  <system-out/>
  <testcase classname="sample.User.GetUserDetailByEmailTest" name="testNonexistentEmail" time="1.113"/>
  <system-out/>
</testsuite> <!-- sample.User.GetUserDetailByEmailTest -->
