<?xml version="1.0" encoding="UTF-8"?>
<!-- Generated by org.testng.reporters.JUnitReportReporter -->
<testsuite hostname="DESKTOP-H8LBSOE" failures="0" tests="5" name="sample.User.DeleteAccountTest" time="6.019" errors="0" timestamp="2024-11-05T11:10:56 IST" skipped="0">
  <testcase classname="sample.User.DeleteAccountTest" name="testInvalidEmailFormat" time="1.114"/>
  <system-out/>
  <testcase classname="sample.User.DeleteAccountTest" name="testMissingEmailParameter" time="0.676"/>
  <system-out/>
  <testcase classname="sample.User.DeleteAccountTest" name="testNonexistentEmail" time="1.278"/>
  <system-out/>
  <testcase classname="sample.User.DeleteAccountTest" name="testMissingPasswordParameter" time="1.222"/>
  <system-out/>
  <testcase classname="sample.User.DeleteAccountTest" name="testIncorrectPassword" time="1.729"/>
  <system-out/>
</testsuite> <!-- sample.User.DeleteAccountTest -->
